INFO:  latexindent.pl version 3.23.7, 2024-03-16, a script to indent .tex files
       latexindent.pl lives here: C:/Users/ele30/AppData/Local/Programs/MiKTeX/scripts/latexindent/
       Fri Mar 29 19:17:43 2024
       Filename: c:/Users/ele30/Documents/TFG/TFG/doc/capitulos/__latexindent_temp_01_Introduccion
INFO:  Processing switches:
       -y|--yaml: YAML settings specified via command line
       -c|--cruft: cruft directory
INFO:  Directory for backup files and c:/Users/ele30/Documents/TFG/TFG/doc//indent.log:
       c:/Users/ele30/Documents/TFG/TFG/doc/
INFO:  Perl modules are being loaded from the following directories:
       C:/Strawberry/perl/lib/FindBin.pm
       C:/Strawberry/perl/vendor/lib/YAML/Tiny.pm
       C:/Strawberry/perl/lib/File/Copy.pm
       C:/Strawberry/perl/lib/File/Basename.pm
       C:/Strawberry/perl/lib/Getopt/Long.pm
       C:/Strawberry/perl/vendor/lib/File/HomeDir.pm
INFO:  LatexIndent perl modules are being loaded from, for example:
       C:/Users/ele30/AppData/Local/Programs/MiKTeX/scripts/latexindent/LatexIndent/Document.pm
INFO:  YAML settings read: defaultSettings.yaml
       Reading defaultSettings.yaml from C:/Users/ele30/AppData/Local/Programs/MiKTeX/scripts/latexindent/defaultSettings.yaml
INFO:  YAML reading settings
       Home directory is C:\Users\ele30
       latexindent.pl didn't find indentconfig.yaml or .indentconfig.yaml
       see all possible locations: https://latexindentpl.readthedocs.io/en/latest/sec-appendices.html#indentconfig-options)
INFO:  YAML settings read: -y switch
       YAML setting: defaultIndent:'    '
       single-quoted string found in -y switch: '    ', substitute to     
       Updating mainSettings with defaultIndent:     
INFO:  File extension work:
       latexindent called to act upon c:/Users/ele30/Documents/TFG/TFG/doc/capitulos/__latexindent_temp_01_Introduccion without a file extension;
       searching for files in the following order (see fileExtensionPreference):
       c:/Users/ele30/Documents/TFG/TFG/doc/capitulos/__latexindent_temp_01_Introduccion.tex
       c:/Users/ele30/Documents/TFG/TFG/doc/capitulos/__latexindent_temp_01_Introduccion.sty
       c:/Users/ele30/Documents/TFG/TFG/doc/capitulos/__latexindent_temp_01_Introduccion.cls
       c:/Users/ele30/Documents/TFG/TFG/doc/capitulos/__latexindent_temp_01_Introduccion.bib
FATAL I couldn't find a match for c:/Users/ele30/Documents/TFG/TFG/doc/capitulos/__latexindent_temp_01_Introduccion in fileExtensionPreference (see defaultSettings.yaml)
      I searched for c:/Users/ele30/Documents/TFG/TFG/doc/capitulos/__latexindent_temp_01_Introduccion.tex
      I searched for c:/Users/ele30/Documents/TFG/TFG/doc/capitulos/__latexindent_temp_01_Introduccion.sty
      I searched for c:/Users/ele30/Documents/TFG/TFG/doc/capitulos/__latexindent_temp_01_Introduccion.cls
      I searched for c:/Users/ele30/Documents/TFG/TFG/doc/capitulos/__latexindent_temp_01_Introduccion.bib
      but couldn't find any of them.
      Consider updating fileExtensionPreference.
FATAL Exiting, no indentation done.
       --------------
INFO:  Please direct all communication/issues to:
        https://github.com/cmhughes/latexindent.pl
